This requires fcntl(2) to be implemented. As of 8/25/2011 it is not. Generic MPICH Message: File locking failed in ADIOI_GEN_SetLock(fd 17,cmd F_SETLKW64/7,type F_RDLCK/0,whence 0) with return value FFFFFFFF and errno 16.
- If the file system is NFS, you need to use NFS version 3, ensure that the lockd daemon is running on all the machines, and mount the directory with the 'noac' option (no attribute caching).
- If the file system is LUSTRE, ensure that the directory is mounted with the 'flock' option.
ADIOI_GEN_SetLock:: Invalid argument
ADIOI_GEN_SetLock:offset 18446744073709551615, length 9
Abort(1) on node 23 (rank 23 in comm 0): application called MPI_Abort(MPI_COMM_WORLD, 1) - process 23
In: PMI_Abort(1, application called MPI_Abort(MPI_COMM_WORLD, 1) - process 23)
This requires fcntl(2) to be implemented. As of 8/25/2011 it is not. Generic MPICH Message: File locking failed in ADIOI_GEN_SetLock(fd 17,cmd F_SETLKW64/7,type F_RDLCK/0,whence 0) with return value FFFFFFFF and errno 16.
- If the file system is NFS, you need to use NFS version 3, ensure that the lockd daemon is running on all the machines, and mount the directory with the 'noac' option (no attribute caching).
- If the file system is LUSTRE, ensure that the directory is mounted with the 'flock' option.
ADIOI_GEN_SetLock:: Invalid argument
ADIOI_GEN_SetLock:offset 18446744073709551615, length 9
Abort(1) on node 27 (rank 27 in comm 0): application called MPI_Abort(MPI_COMM_WORLD, 1) - process 27
In: PMI_Abort(1, application called MPI_Abort(MPI_COMM_WORLD, 1) - process 27)
This requires fcntl(2) to be implemented. As of 8/25/2011 it is not. Generic MPICH Message: File locking failed in ADIOI_GEN_SetLock(fd 18,cmd F_SETLKW64/7,type F_RDLCK/0,whence 0) with return value FFFFFFFF and errno 16.
- If the file system is NFS, you need to use NFS version 3, ensure that the lockd daemon is running on all the machines, and mount the directory with the 'noac' option (no attribute caching).
- If the file system is LUSTRE, ensure that the directory is mounted with the 'flock' option.
ADIOI_GEN_SetLock:: Invalid argument
ADIOI_GEN_SetLock:offset 18446744073709551615, length 9
Abort(1) on node 1 (rank 1 in comm 0): application called MPI_Abort(MPI_COMM_WORLD, 1) - process 1
In: PMI_Abort(1, application called MPI_Abort(MPI_COMM_WORLD, 1) - process 1)
This requires fcntl(2) to be implemented. As of 8/25/2011 it is not. Generic MPICH Message: File locking failed in ADIOI_GEN_SetLock(fd 18,cmd F_SETLKW64/7,type F_RDLCK/0,whence 0) with return value FFFFFFFF and errno 16.
- If the file system is NFS, you need to use NFS version 3, ensure that the lockd daemon is running on all the machines, and mount the directory with the 'noac' option (no attribute caching).
- If the file system is LUSTRE, ensure that the directory is mounted with the 'flock' option.
ADIOI_GEN_SetLock:: Invalid argument
ADIOI_GEN_SetLock:offset 18446744073709551615, length 9
Abort(1) on node 6 (rank 6 in comm 0): application called MPI_Abort(MPI_COMM_WORLD, 1) - process 6
In: PMI_Abort(1, application called MPI_Abort(MPI_COMM_WORLD, 1) - process 6)
This requires fcntl(2) to be implemented. As of 8/25/2011 it is not. Generic MPICH Message: File locking failed in ADIOI_GEN_SetLock(fd 1A,cmd F_SETLKW64/7,type F_RDLCK/0,whence 0) with return value FFFFFFFF and errno 16.
- If the file system is NFS, you need to use NFS version 3, ensure that the lockd daemon is running on all the machines, and mount the directory with the 'noac' option (no attribute caching).
- If the file system is LUSTRE, ensure that the directory is mounted with the 'flock' option.
ADIOI_GEN_SetLock:: Invalid argument
ADIOI_GEN_SetLock:offset 18446744073709551615, length 10
Abort(1) on node 0 (rank 0 in comm 0): application called MPI_Abort(MPI_COMM_WORLD, 1) - process 0
In: PMI_Abort(1, application called MPI_Abort(MPI_COMM_WORLD, 1) - process 0)
srun: Job step aborted: Waiting up to 32 seconds for job step to finish.
slurmstepd: error: *** STEP 16827.0 ON c5 CANCELLED AT 2021-07-02T16:33:09 ***
This requires fcntl(2) to be implemented. As of 8/25/2011 it is not. Generic MPICH Message: File locking failed in ADIOI_GEN_SetLock(fd 17,cmd F_SETLKW64/7,type F_RDLCK/0,whence 0) with return value FFFFFFFF and errno 16.
- If the file system is NFS, you need to use NFS version 3, ensure that the lockd daemon is running on all the machines, and mount the directory with the 'noac' option (no attribute caching).
- If the file system is LUSTRE, ensure that the directory is mounted with the 'flock' option.
ADIOI_GEN_SetLock:: Invalid argument
ADIOI_GEN_SetLock:offset 18446744073709551615, length 9
Abort(1) on node 15 (rank 15 in comm 0): application called MPI_Abort(MPI_COMM_WORLD, 1) - process 15
In: PMI_Abort(1, application called MPI_Abort(MPI_COMM_WORLD, 1) - process 15)
This requires fcntl(2) to be implemented. As of 8/25/2011 it is not. Generic MPICH Message: File locking failed in ADIOI_GEN_SetLock(fd 17,cmd F_SETLKW64/7,type F_RDLCK/0,whence 0) with return value FFFFFFFF and errno 16.
- If the file system is NFS, you need to use NFS version 3, ensure that the lockd daemon is running on all the machines, and mount the directory with the 'noac' option (no attribute caching).
- If the file system is LUSTRE, ensure that the directory is mounted with the 'flock' option.
ADIOI_GEN_SetLock:: Invalid argument
ADIOI_GEN_SetLock:offset 18446744073709551615, length 9
Abort(1) on node 25 (rank 25 in comm 0): application called MPI_Abort(MPI_COMM_WORLD, 1) - process 25
In: PMI_Abort(1, application called MPI_Abort(MPI_COMM_WORLD, 1) - process 25)
srun: error: c5: tasks 0,2-5,7-22,24-26,28-35: Killed
srun: error: c5: tasks 1,6,23,27: Exited with exit code 1
