This requires fcntl(2) to be implemented. As of 8/25/2011 it is not. Generic MPICH Message: File locking failed in ADIOI_GEN_SetLock(fd 17,cmd F_SETLKW64/7,type F_RDLCK/0,whence 0) with return value FFFFFFFF and errno 16.
- If the file system is NFS, you need to use NFS version 3, ensure that the lockd daemon is running on all the machines, and mount the directory with the 'noac' option (no attribute caching).
- If the file system is LUSTRE, ensure that the directory is mounted with the 'flock' option.
ADIOI_GEN_SetLock:: Invalid argument
ADIOI_GEN_SetLock:offset 18446744073709551615, length 9
Abort(1) on node 17 (rank 17 in comm 0): application called MPI_Abort(MPI_COMM_WORLD, 1) - process 17
In: PMI_Abort(1, application called MPI_Abort(MPI_COMM_WORLD, 1) - process 17)
This requires fcntl(2) to be implemented. As of 8/25/2011 it is not. Generic MPICH Message: File locking failed in ADIOI_GEN_SetLock(fd 17,cmd F_SETLKW64/7,type F_RDLCK/0,whence 0) with return value FFFFFFFF and errno 16.
- If the file system is NFS, you need to use NFS version 3, ensure that the lockd daemon is running on all the machines, and mount the directory with the 'noac' option (no attribute caching).
- If the file system is LUSTRE, ensure that the directory is mounted with the 'flock' option.
ADIOI_GEN_SetLock:: Invalid argument
ADIOI_GEN_SetLock:offset 18446744073709551615, length 9
Abort(1) on node 13 (rank 13 in comm 0): application called MPI_Abort(MPI_COMM_WORLD, 1) - process 13
In: PMI_Abort(1, application called MPI_Abort(MPI_COMM_WORLD, 1) - process 13)
This requires fcntl(2) to be implemented. As of 8/25/2011 it is not. Generic MPICH Message: File locking failed in ADIOI_GEN_SetLock(fd 17,cmd F_SETLKW64/7,type F_RDLCK/0,whence 0) with return value FFFFFFFF and errno 16.
- If the file system is NFS, you need to use NFS version 3, ensure that the lockd daemon is running on all the machines, and mount the directory with the 'noac' option (no attribute caching).
- If the file system is LUSTRE, ensure that the directory is mounted with the 'flock' option.
ADIOI_GEN_SetLock:: Invalid argument
ADIOI_GEN_SetLock:offset 18446744073709551615, length 9
Abort(1) on node 11 (rank 11 in comm 0): application called MPI_Abort(MPI_COMM_WORLD, 1) - process 11
In: PMI_Abort(1, application called MPI_Abort(MPI_COMM_WORLD, 1) - process 11)
This requires fcntl(2) to be implemented. As of 8/25/2011 it is not. Generic MPICH Message: File locking failed in ADIOI_GEN_SetLock(fd 18,cmd F_SETLKW64/7,type F_RDLCK/0,whence 0) with return value FFFFFFFF and errno 16.
- If the file system is NFS, you need to use NFS version 3, ensure that the lockd daemon is running on all the machines, and mount the directory with the 'noac' option (no attribute caching).
- If the file system is LUSTRE, ensure that the directory is mounted with the 'flock' option.
ADIOI_GEN_SetLock:: Invalid argument
ADIOI_GEN_SetLock:offset 18446744073709551615, length 9
Abort(1) on node 3 (rank 3 in comm 0): application called MPI_Abort(MPI_COMM_WORLD, 1) - process 3
In: PMI_Abort(1, application called MPI_Abort(MPI_COMM_WORLD, 1) - process 3)
This requires fcntl(2) to be implemented. As of 8/25/2011 it is not. Generic MPICH Message: File locking failed in ADIOI_GEN_SetLock(fd 18,cmd F_SETLKW64/7,type F_RDLCK/0,whence 0) with return value FFFFFFFF and errno 16.
- If the file system is NFS, you need to use NFS version 3, ensure that the lockd daemon is running on all the machines, and mount the directory with the 'noac' option (no attribute caching).
- If the file system is LUSTRE, ensure that the directory is mounted with the 'flock' option.
ADIOI_GEN_SetLock:: Invalid argument
ADIOI_GEN_SetLock:offset 18446744073709551615, length 9
Abort(1) on node 2 (rank 2 in comm 0): application called MPI_Abort(MPI_COMM_WORLD, 1) - process 2
In: PMI_Abort(1, application called MPI_Abort(MPI_COMM_WORLD, 1) - process 2)
srun: Job step aborted: Waiting up to 32 seconds for job step to finish.
slurmstepd: error: *** STEP 16948.0 ON c5 CANCELLED AT 2021-07-03T08:45:40 ***
This requires fcntl(2) to be implemented. As of 8/25/2011 it is not. Generic MPICH Message: File locking failed in ADIOI_GEN_SetLock(fd 17,cmd F_SETLKW64/7,type F_RDLCK/0,whence 0) with return value FFFFFFFF and errno 16.
- If the file system is NFS, you need to use NFS version 3, ensure that the lockd daemon is running on all the machines, and mount the directory with the 'noac' option (no attribute caching).
- If the file system is LUSTRE, ensure that the directory is mounted with the 'flock' option.
ADIOI_GEN_SetLock:: Invalid argument
ADIOI_GEN_SetLock:offset 18446744073709551615, length 10
Abort(1) on node 19 (rank 19 in comm 0): application called MPI_Abort(MPI_COMM_WORLD, 1) - process 19
In: PMI_Abort(1, application called MPI_Abort(MPI_COMM_WORLD, 1) - process 19)
srun: error: c5: tasks 0-35: Killed
