This requires fcntl(2) to be implemented. As of 8/25/2011 it is not. Generic MPICH Message: File locking failed in ADIOI_GEN_SetLock(fd 17,cmd F_SETLKW64/7,type F_RDLCK/0,whence 0) with return value FFFFFFFF and errno 16.
- If the file system is NFS, you need to use NFS version 3, ensure that the lockd daemon is running on all the machines, and mount the directory with the 'noac' option (no attribute caching).
- If the file system is LUSTRE, ensure that the directory is mounted with the 'flock' option.
ADIOI_GEN_SetLock:: Invalid argument
ADIOI_GEN_SetLock:offset 18446744073709551615, length 9
Abort(1) on node 11 (rank 11 in comm 0): application called MPI_Abort(MPI_COMM_WORLD, 1) - process 11
In: PMI_Abort(1, application called MPI_Abort(MPI_COMM_WORLD, 1) - process 11)
This requires fcntl(2) to be implemented. As of 8/25/2011 it is not. Generic MPICH Message: File locking failed in ADIOI_GEN_SetLock(fd 17,cmd F_SETLKW64/7,type F_RDLCK/0,whence 0) with return value FFFFFFFF and errno 16.
- If the file system is NFS, you need to use NFS version 3, ensure that the lockd daemon is running on all the machines, and mount the directory with the 'noac' option (no attribute caching).
- If the file system is LUSTRE, ensure that the directory is mounted with the 'flock' option.
ADIOI_GEN_SetLock:: Invalid argument
ADIOI_GEN_SetLock:offset 18446744073709551615, length 9
Abort(1) on node 27 (rank 27 in comm 0): application called MPI_Abort(MPI_COMM_WORLD, 1) - process 27
In: PMI_Abort(1, application called MPI_Abort(MPI_COMM_WORLD, 1) - process 27)
This requires fcntl(2) to be implemented. As of 8/25/2011 it is not. Generic MPICH Message: File locking failed in ADIOI_GEN_SetLock(fd 18,cmd F_SETLKW64/7,type F_RDLCK/0,whence 0) with return value FFFFFFFF and errno 16.
- If the file system is NFS, you need to use NFS version 3, ensure that the lockd daemon is running on all the machines, and mount the directory with the 'noac' option (no attribute caching).
- If the file system is LUSTRE, ensure that the directory is mounted with the 'flock' option.
ADIOI_GEN_SetLock:: Invalid argument
ADIOI_GEN_SetLock:offset 18446744073709551615, length 9
This requires fcntl(2) to be implemented. As of 8/25/2011 it is not. Generic MPICH Message: File locking failed in ADIOI_GEN_SetLock(fd 17,cmd F_SETLKW64/7,type F_RDLCK/0,whence 0) with return value FFFFFFFF and errno 16.
- If the file system is NFS, you need to use NFS version 3, ensure that the lockd daemon is running on all the machines, and mount the directory with the 'noac' option (no attribute caching).
- If the file system is LUSTRE, ensure that the directory is mounted with the 'flock' option.
ADIOI_GEN_SetLock:: Invalid argument
ADIOI_GEN_SetLock:offset 18446744073709551615, length 9
Abort(1) on node 26 (rank 26 in comm 0): application called MPI_Abort(MPI_COMM_WORLD, 1) - process 26
In: PMI_Abort(1, application called MPI_Abort(MPI_COMM_WORLD, 1) - process 26)
Abort(1) on node 2 (rank 2 in comm 0): application called MPI_Abort(MPI_COMM_WORLD, 1) - process 2
In: PMI_Abort(1, application called MPI_Abort(MPI_COMM_WORLD, 1) - process 2)
This requires fcntl(2) to be implemented. As of 8/25/2011 it is not. Generic MPICH Message: File locking failed in ADIOI_GEN_SetLock(fd 18,cmd F_SETLKW64/7,type F_RDLCK/0,whence 0) with return value FFFFFFFF and errno 16.
- If the file system is NFS, you need to use NFS version 3, ensure that the lockd daemon is running on all the machines, and mount the directory with the 'noac' option (no attribute caching).
- If the file system is LUSTRE, ensure that the directory is mounted with the 'flock' option.
ADIOI_GEN_SetLock:: Invalid argument
ADIOI_GEN_SetLock:offset 18446744073709551615, length 9
Abort(1) on node 5 (rank 5 in comm 0): application called MPI_Abort(MPI_COMM_WORLD, 1) - process 5
In: PMI_Abort(1, application called MPI_Abort(MPI_COMM_WORLD, 1) - process 5)
This requires fcntl(2) to be implemented. As of 8/25/2011 it is not. Generic MPICH Message: File locking failed in ADIOI_GEN_SetLock(fd 17,cmd F_SETLKW64/7,type F_RDLCK/0,whence 0) with return value FFFFFFFF and errno 16.
- If the file system is NFS, you need to use NFS version 3, ensure that the lockd daemon is running on all the machines, and mount the directory with the 'noac' option (no attribute caching).
- If the file system is LUSTRE, ensure that the directory is mounted with the 'flock' option.
ADIOI_GEN_SetLock:: Invalid argument
ADIOI_GEN_SetLock:offset 18446744073709551615, length 9
Abort(1) on node 7 (rank 7 in comm 0): application called MPI_Abort(MPI_COMM_WORLD, 1) - process 7
In: PMI_Abort(1, application called MPI_Abort(MPI_COMM_WORLD, 1) - process 7)
This requires fcntl(2) to be implemented. As of 8/25/2011 it is not. Generic MPICH Message: File locking failed in ADIOI_GEN_SetLock(fd 18,cmd F_SETLKW64/7,type F_RDLCK/0,whence 0) with return value FFFFFFFF and errno 16.
- If the file system is NFS, you need to use NFS version 3, ensure that the lockd daemon is running on all the machines, and mount the directory with the 'noac' option (no attribute caching).
- If the file system is LUSTRE, ensure that the directory is mounted with the 'flock' option.
ADIOI_GEN_SetLock:: Invalid argument
ADIOI_GEN_SetLock:offset 18446744073709551615, length 9
Abort(1) on node 3 (rank 3 in comm 0): application called MPI_Abort(MPI_COMM_WORLD, 1) - process 3
In: PMI_Abort(1, application called MPI_Abort(MPI_COMM_WORLD, 1) - process 3)
This requires fcntl(2) to be implemented. As of 8/25/2011 it is not. Generic MPICH Message: File locking failed in ADIOI_GEN_SetLock(fd 17,cmd F_SETLKW64/7,type F_RDLCK/0,whence 0) with return value FFFFFFFF and errno 16.
- If the file system is NFS, you need to use NFS version 3, ensure that the lockd daemon is running on all the machines, and mount the directory with the 'noac' option (no attribute caching).
- If the file system is LUSTRE, ensure that the directory is mounted with the 'flock' option.
ADIOI_GEN_SetLock:: Invalid argument
ADIOI_GEN_SetLock:offset 18446744073709551615, length 9
Abort(1) on node 24 (rank 24 in comm 0): application called MPI_Abort(MPI_COMM_WORLD, 1) - process 24
In: PMI_Abort(1, application called MPI_Abort(MPI_COMM_WORLD, 1) - process 24)
This requires fcntl(2) to be implemented. As of 8/25/2011 it is not. Generic MPICH Message: File locking failed in ADIOI_GEN_SetLock(fd 17,cmd F_SETLKW64/7,type F_RDLCK/0,whence 0) with return value FFFFFFFF and errno 16.
- If the file system is NFS, you need to use NFS version 3, ensure that the lockd daemon is running on all the machines, and mount the directory with the 'noac' option (no attribute caching).
- If the file system is LUSTRE, ensure that the directory is mounted with the 'flock' option.
ADIOI_GEN_SetLock:: Invalid argument
ADIOI_GEN_SetLock:offset 18446744073709551615, length 10
Abort(1) on node 12 (rank 12 in comm 0): application called MPI_Abort(MPI_COMM_WORLD, 1) - process 12
In: PMI_Abort(1, application called MPI_Abort(MPI_COMM_WORLD, 1) - process 12)
This requires fcntl(2) to be implemented. As of 8/25/2011 it is not. Generic MPICH Message: File locking failed in ADIOI_GEN_SetLock(fd 17,cmd F_SETLKW64/7,type F_RDLCK/0,whence 0) with return value FFFFFFFF and errno 16.
- If the file system is NFS, you need to use NFS version 3, ensure that the lockd daemon is running on all the machines, and mount the directory with the 'noac' option (no attribute caching).
- If the file system is LUSTRE, ensure that the directory is mounted with the 'flock' option.
ADIOI_GEN_SetLock:: Invalid argument
ADIOI_GEN_SetLock:offset 18446744073709551615, length 10
Abort(1) on node 20 (rank 20 in comm 0): application called MPI_Abort(MPI_COMM_WORLD, 1) - process 20
In: PMI_Abort(1, application called MPI_Abort(MPI_COMM_WORLD, 1) - process 20)
This requires fcntl(2) to be implemented. As of 8/25/2011 it is not. Generic MPICH Message: File locking failed in ADIOI_GEN_SetLock(fd 17,cmd F_SETLKW64/7,type F_RDLCK/0,whence 0) with return value FFFFFFFF and errno 16.
- If the file system is NFS, you need to use NFS version 3, ensure that the lockd daemon is running on all the machines, and mount the directory with the 'noac' option (no attribute caching).
- If the file system is LUSTRE, ensure that the directory is mounted with the 'flock' option.
ADIOI_GEN_SetLock:: Invalid argument
ADIOI_GEN_SetLock:offset 18446744073709551615, length 10
Abort(1) on node 19 (rank 19 in comm 0): application called MPI_Abort(MPI_COMM_WORLD, 1) - process 19
In: PMI_Abort(1, application called MPI_Abort(MPI_COMM_WORLD, 1) - process 19)
srun: Job step aborted: Waiting up to 32 seconds for job step to finish.
This requires fcntl(2) to be implemented. As of 8/25/2011 it is not. Generic MPICH Message: File locking failed in ADIOI_GEN_SetLock(fd 17,cmd F_SETLKW64/7,type F_RDLCK/0,whence 0) with return value FFFFFFFF and errno 16.
- If the file system is NFS, you need to use NFS version 3, ensure that the lockd daemon is running on all the machines, and mount the directory with the 'noac' option (no attribute caching).
- If the file system is LUSTRE, ensure that the directory is mounted with the 'flock' option.
ADIOI_GEN_SetLock:: Invalid argument
ADIOI_GEN_SetLock:offset 18446744073709551615, length 10
Abort(1) on node 10 (rank 10 in comm 0): application called MPI_Abort(MPI_COMM_WORLD, 1) - process 10
In: PMI_Abort(1, application called MPI_Abort(MPI_COMM_WORLD, 1) - process 10)
This requires fcntl(2) to be implemented. As of 8/25/2011 it is not. Generic MPICH Message: File locking failed in ADIOI_GEN_SetLock(fd 17,cmd F_SETLKW64/7,type F_RDLCK/0,whence 0) with return value FFFFFFFF and errno 16.
- If the file system is NFS, you need to use NFS version 3, ensure that the lockd daemon is running on all the machines, and mount the directory with the 'noac' option (no attribute caching).
- If the file system is LUSTRE, ensure that the directory is mounted with the 'flock' option.
ADIOI_GEN_SetLock:: Invalid argument
ADIOI_GEN_SetLock:offset 18446744073709551615, length 10
Abort(1) on node 14 (rank 14 in comm 0): application called MPI_Abort(MPI_COMM_WORLD, 1) - process 14
In: PMI_Abort(1, application called MPI_Abort(MPI_COMM_WORLD, 1) - process 14)
slurmstepd: error: *** STEP 16779.0 ON c5 CANCELLED AT 2021-07-02T15:56:49 ***
This requires fcntl(2) to be implemented. As of 8/25/2011 it is not. Generic MPICH Message: File locking failed in ADIOI_GEN_SetLock(fd 18,cmd F_SETLKW64/7,type F_RDLCK/0,whence 0) with return value FFFFFFFF and errno 16.
- If the file system is NFS, you need to use NFS version 3, ensure that the lockd daemon is running on all the machines, and mount the directory with the 'noac' option (no attribute caching).
- If the file system is LUSTRE, ensure that the directory is mounted with the 'flock' option.
ADIOI_GEN_SetLock:: Invalid argument
ADIOI_GEN_SetLock:offset 18446744073709551615, length 10
Abort(1) on node 4 (rank 4 in comm 0): application called MPI_Abort(MPI_COMM_WORLD, 1) - process 4
This requires fcntl(2) to be implemented. As of 8/25/2011 it is not. Generic MPICH Message: File locking failed in ADIOI_GEN_SetLock(fd 17,cmd F_SETLKW64/7,type F_RDLCK/0,whence 0) with return value FFFFFFFF and errno 16.
- If the file system is NFS, you need to use NFS version 3, ensure that the lockd daemon is running on all the machines, and mount the directory with the 'noac' option (no attribute caching).
- If the file system is LUSTRE, ensure that the directory is mounted with the 'flock' option.
ADIOI_GEN_SetLock:: Invalid argument
ADIOI_GEN_SetLock:offset 18446744073709551615, length 10
Abort(1) on node 15 (rank 15 in comm 0): application called MPI_Abort(MPI_COMM_WORLD, 1) - process 15
In: PMI_Abort(1, application called MPI_Abort(MPI_COMM_WORLD, 1) - process 15)
In: PMI_Abort(1, application called MPI_Abort(MPI_COMM_WORLD, 1) - process 4)
srun: error: c5: tasks 0-1,3-6,8-10,12-25,28-35: Killed
srun: error: c5: tasks 2,7,11,26-27: Exited with exit code 1
